Mar 30, 2018 12:03:47 AM org.apache.catalina.startup.VersionLoggerListener log
INFO: Server version:        Apache Tomcat/7.0.85
Mar 30, 2018 12:03:47 AM org.apache.catalina.startup.VersionLoggerListener log
INFO: Server built:          Feb 7 2018 18:52:33 UTC
Mar 30, 2018 12:03:47 AM org.apache.catalina.startup.VersionLoggerListener log
INFO: Server number:         7.0.85.0
Mar 30, 2018 12:03:47 AM org.apache.catalina.startup.VersionLoggerListener log
INFO: OS Name:               Linux
Mar 30, 2018 12:03:47 AM org.apache.catalina.startup.VersionLoggerListener log
INFO: OS Version:            4.2.0-42-generic
Mar 30, 2018 12:03:47 AM org.apache.catalina.startup.VersionLoggerListener log
INFO: Architecture:          amd64
Mar 30, 2018 12:03:47 AM org.apache.catalina.startup.VersionLoggerListener log
INFO: Java Home:             /usr/lib/jvm/java-8-openjdk-amd64/jre
Mar 30, 2018 12:03:47 AM org.apache.catalina.startup.VersionLoggerListener log
INFO: JVM Version:           1.8.0_91-8u91-b14-3ubuntu1~15.10.1-b14
Mar 30, 2018 12:03:47 AM org.apache.catalina.startup.VersionLoggerListener log
INFO: JVM Vendor:            Oracle Corporation
Mar 30, 2018 12:03:47 AM org.apache.catalina.startup.VersionLoggerListener log
INFO: CATALINA_BASE:         /code/DATAHUB/apache-tomcat-7.0.85
Mar 30, 2018 12:03:47 AM org.apache.catalina.startup.VersionLoggerListener log
INFO: CATALINA_HOME:         /code/DATAHUB/apache-tomcat-7.0.85
Mar 30, 2018 12:03:47 AM org.apache.catalina.startup.VersionLoggerListener log
INFO: Command line argument: -Djava.util.logging.config.file=/code/DATAHUB/apache-tomcat-7.0.85/conf/logging.properties
Mar 30, 2018 12:03:47 AM org.apache.catalina.startup.VersionLoggerListener log
INFO: Command line argument: -Djava.util.logging.manager=org.apache.juli.ClassLoaderLogManager
Mar 30, 2018 12:03:47 AM org.apache.catalina.startup.VersionLoggerListener log
INFO: Command line argument: -Djdk.tls.ephemeralDHKeySize=2048
Mar 30, 2018 12:03:47 AM org.apache.catalina.startup.VersionLoggerListener log
INFO: Command line argument: -Xms8192m
Mar 30, 2018 12:03:47 AM org.apache.catalina.startup.VersionLoggerListener log
INFO: Command line argument: -Xmx8192m
Mar 30, 2018 12:03:47 AM org.apache.catalina.startup.VersionLoggerListener log
INFO: Command line argument: -XX:+UseConcMarkSweepGC
Mar 30, 2018 12:03:47 AM org.apache.catalina.startup.VersionLoggerListener log
INFO: Command line argument: -XX:+UseParNewGC
Mar 30, 2018 12:03:47 AM org.apache.catalina.startup.VersionLoggerListener log
INFO: Command line argument: -XX:+AlwaysPreTouch
Mar 30, 2018 12:03:47 AM org.apache.catalina.startup.VersionLoggerListener log
INFO: Command line argument: -XX:+DisableExplicitGC
Mar 30, 2018 12:03:47 AM org.apache.catalina.startup.VersionLoggerListener log
INFO: Command line argument: -Dignore.endorsed.dirs=
Mar 30, 2018 12:03:47 AM org.apache.catalina.startup.VersionLoggerListener log
INFO: Command line argument: -Dcatalina.base=/code/DATAHUB/apache-tomcat-7.0.85
Mar 30, 2018 12:03:47 AM org.apache.catalina.startup.VersionLoggerListener log
INFO: Command line argument: -Dcatalina.home=/code/DATAHUB/apache-tomcat-7.0.85
Mar 30, 2018 12:03:47 AM org.apache.catalina.startup.VersionLoggerListener log
INFO: Command line argument: -Djava.io.tmpdir=/code/DATAHUB/apache-tomcat-7.0.85/temp
Mar 30, 2018 12:03:47 AM org.apache.catalina.core.AprLifecycleListener lifecycleEvent
INFO: The APR based Apache Tomcat Native library which allows optimal performance in production environments was not found on the java.library.path: /usr/java/packages/lib/amd64:/usr/lib/x86_64-linux-gnu/jni:/lib/x86_64-linux-gnu:/usr/lib/x86_64-linux-gnu:/usr/lib/jni:/lib:/usr/lib
Mar 30, 2018 12:03:47 AM org.apache.coyote.AbstractProtocol init
INFO: Initializing ProtocolHandler ["http-bio-10080"]
Mar 30, 2018 12:03:47 AM org.apache.coyote.AbstractProtocol init
INFO: Initializing ProtocolHandler ["ajp-bio-10009"]
Mar 30, 2018 12:03:47 AM org.apache.catalina.startup.Catalina load
INFO: Initialization processed in 1046 ms
Mar 30, 2018 12:03:47 AM org.apache.catalina.core.StandardService startInternal
INFO: Starting service Catalina
Mar 30, 2018 12:03:47 AM org.apache.catalina.core.StandardEngine startInternal
INFO: Starting Servlet Engine: Apache Tomcat/7.0.85
Mar 30, 2018 12:03:47 AM org.apache.catalina.startup.HostConfig deployDescriptor
INFO: Deploying configuration descriptor /home/ezequiel/code/DATAHUB/apache-tomcat-7.0.85/conf/Catalina/localhost/datahub-webapp.xml
Mar 30, 2018 12:03:47 AM org.apache.catalina.startup.HostConfig deployDescriptor
WARNING: A docBase /code/DATAHUB/apache-tomcat-7.0.85/webapps/datahub-webapp.war inside the host appBase has been specified, and will be ignored
Mar 30, 2018 12:03:48 AM org.apache.catalina.startup.TaglibUriRule body
INFO: TLD skipped. URI: http://java.sun.com/jsp/jstl/core is already defined
Mar 30, 2018 12:03:48 AM org.apache.catalina.startup.TaglibUriRule body
INFO: TLD skipped. URI: http://java.sun.com/jsp/jstl/fmt is already defined
Mar 30, 2018 12:03:48 AM org.apache.catalina.startup.TaglibUriRule body
INFO: TLD skipped. URI: urn:com:sun:jersey:api:view is already defined
Mar 30, 2018 12:03:48 AM org.apache.catalina.startup.TldConfig execute
INFO: At least one JAR was scanned for TLDs yet contained no TLDs. Enable debug logging for this logger for a complete list of JARs that were scanned but no TLDs were found in them. Skipping unneeded JARs during scanning can improve startup time and JSP compilation time.
Mar 30, 2018 12:04:14 AM org.apache.catalina.startup.HostConfig deployDescriptor
INFO: Deployment of configuration descriptor /home/ezequiel/code/DATAHUB/apache-tomcat-7.0.85/conf/Catalina/localhost/datahub-webapp.xml has finished in 27,063 ms
Mar 30, 2018 12:04:14 AM org.apache.catalina.startup.HostConfig deployDirectory
INFO: Deploying web application directory /home/ezequiel/code/DATAHUB/apache-tomcat-7.0.85/webapps/examples
Mar 30, 2018 12:04:14 AM org.apache.catalina.startup.TldConfig execute
INFO: At least one JAR was scanned for TLDs yet contained no TLDs. Enable debug logging for this logger for a complete list of JARs that were scanned but no TLDs were found in them. Skipping unneeded JARs during scanning can improve startup time and JSP compilation time.
Mar 30, 2018 12:04:14 AM org.apache.catalina.startup.HostConfig deployDirectory
INFO: Deployment of web application directory /home/ezequiel/code/DATAHUB/apache-tomcat-7.0.85/webapps/examples has finished in 270 ms
Mar 30, 2018 12:04:14 AM org.apache.catalina.startup.HostConfig deployDirectory
INFO: Deploying web application directory /home/ezequiel/code/DATAHUB/apache-tomcat-7.0.85/webapps/docs
Mar 30, 2018 12:04:14 AM org.apache.catalina.startup.TldConfig execute
INFO: At least one JAR was scanned for TLDs yet contained no TLDs. Enable debug logging for this logger for a complete list of JARs that were scanned but no TLDs were found in them. Skipping unneeded JARs during scanning can improve startup time and JSP compilation time.
Mar 30, 2018 12:04:14 AM org.apache.catalina.startup.HostConfig deployDirectory
INFO: Deployment of web application directory /home/ezequiel/code/DATAHUB/apache-tomcat-7.0.85/webapps/docs has finished in 96 ms
Mar 30, 2018 12:04:14 AM org.apache.catalina.startup.HostConfig deployDirectory
INFO: Deploying web application directory /home/ezequiel/code/DATAHUB/apache-tomcat-7.0.85/webapps/ROOT
Mar 30, 2018 12:04:15 AM org.apache.catalina.startup.TldConfig execute
INFO: At least one JAR was scanned for TLDs yet contained no TLDs. Enable debug logging for this logger for a complete list of JARs that were scanned but no TLDs were found in them. Skipping unneeded JARs during scanning can improve startup time and JSP compilation time.
Mar 30, 2018 12:04:15 AM org.apache.catalina.startup.HostConfig deployDirectory
INFO: Deployment of web application directory /home/ezequiel/code/DATAHUB/apache-tomcat-7.0.85/webapps/ROOT has finished in 96 ms
Mar 30, 2018 12:04:15 AM org.apache.catalina.startup.HostConfig deployDirectory
INFO: Deploying web application directory /home/ezequiel/code/DATAHUB/apache-tomcat-7.0.85/webapps/manager
Mar 30, 2018 12:04:15 AM org.apache.catalina.startup.TldConfig execute
INFO: At least one JAR was scanned for TLDs yet contained no TLDs. Enable debug logging for this logger for a complete list of JARs that were scanned but no TLDs were found in them. Skipping unneeded JARs during scanning can improve startup time and JSP compilation time.
Mar 30, 2018 12:04:15 AM org.apache.catalina.startup.HostConfig deployDirectory
INFO: Deployment of web application directory /home/ezequiel/code/DATAHUB/apache-tomcat-7.0.85/webapps/manager has finished in 177 ms
Mar 30, 2018 12:04:15 AM org.apache.catalina.startup.HostConfig deployDirectory
INFO: Deploying web application directory /home/ezequiel/code/DATAHUB/apache-tomcat-7.0.85/webapps/host-manager
Mar 30, 2018 12:04:15 AM org.apache.catalina.startup.TldConfig execute
INFO: At least one JAR was scanned for TLDs yet contained no TLDs. Enable debug logging for this logger for a complete list of JARs that were scanned but no TLDs were found in them. Skipping unneeded JARs during scanning can improve startup time and JSP compilation time.
Mar 30, 2018 12:04:15 AM org.apache.catalina.startup.HostConfig deployDirectory
INFO: Deployment of web application directory /home/ezequiel/code/DATAHUB/apache-tomcat-7.0.85/webapps/host-manager has finished in 166 ms
Mar 30, 2018 12:04:15 AM org.apache.coyote.AbstractProtocol start
INFO: Starting ProtocolHandler ["http-bio-10080"]
Mar 30, 2018 12:04:15 AM org.apache.coyote.AbstractProtocol start
INFO: Starting ProtocolHandler ["ajp-bio-10009"]
Mar 30, 2018 12:04:15 AM org.apache.catalina.startup.Catalina start
INFO: Server startup in 27947 ms
